Fri, Nov 25, 2022, 15:09:35 Error: Could not open leaderboard.txt LOCATION: LeaderBoard.load_leaderboard()
Fri, Nov 25, 2022, 15:52:07 Error: Could not open leaderboard.txt LOCATION: LeaderBoard.load_leaderboard()
Fri, Nov 25, 2022, 15:55:18 Error: Could not open leaderboard.txt LOCATION: LeaderBoard.load_leaderboard()
Mon, Nov 28, 2022, 17:04:00 Error: File "opo" does not exit LOCATION: Game.load_new_puzzle()
Mon, Nov 28, 2022, 17:05:58 Error: File "trte" does not exit LOCATION: Game.load_new_puzzle()
Mon, Nov 28, 2022, 17:06:40 Error: File "smiley" does not exit LOCATION: Game.load_new_puzzle()
Mon, Nov 28, 2022, 17:12:01 Error: File "error" does not exit LOCATION: Game.load_new_puzzle()
Mon, Nov 28, 2022, 17:18:20 Error: File "yyui" does not exit LOCATION: Game.load_new_puzzle()
Mon, Nov 28, 2022, 17:20:00 Error: Could not open leaderboard.txt LOCATION: LeaderBoard.load_leaderboard()
Mon, Nov 28, 2022, 17:22:11 Error: Could not open leaderboard.txt LOCATION: LeaderBoard.load_leaderboard()
Mon, Nov 28, 2022, 17:43:34 Error: File "joker.puz" does not exit LOCATION: Game.load_new_puzzle()
Mon, Nov 28, 2022, 17:43:58 Error: File "malformed_mario.puz" does not have valid number of puzzle pieces LOCATION: Game.load_new_puzzle()
Mon, Nov 28, 2022, 17:53:00 Error: File "" does not exit LOCATION: Game.load_new_puzzle()
Mon, Nov 28, 2022, 17:54:20 Error: File "malformed_mario.puz" does not have valid number of puzzle pieces LOCATION: Game.load_new_puzzle()
Mon, Nov 28, 2022, 17:58:20 Error: File "Pikachu.puz" does not exit LOCATION: Game.load_new_puzzle()
Mon, Nov 28, 2022, 18:04:47 Error: Could not open leaderboard.txt LOCATION: LeaderBoard.load_leaderboard()
Mon, Nov 28, 2022, 18:05:24 Error: Could not open leaderboard.txt LOCATION: LeaderBoard.load_leaderboard()
Mon, Nov 28, 2022, 18:14:55 Error: File "fifteen" does not exit LOCATION: Game.load_new_puzzle()
Mon, Nov 28, 2022, 18:19:24 Error: File "malformed_mario.puz" does not have valid number of puzzle pieces LOCATION: Game.load_new_puzzle()
Mon, Dec 05, 2022, 17:43:21 Error: File "malformed_mario.puz" does not have valid number of puzzle pieces LOCATION: Game.load_new_puzzle()
Thu, Dec 08, 2022, 15:30:41 Error: File "kdfgoe" does not exit LOCATION: Game.load_new_puzzle()
Thu, Dec 08, 2022, 15:31:19 Error: File "malformed_mario.puz" does not have valid number of puzzle pieces LOCATION: Game.load_new_puzzle()
Thu, Dec 08, 2022, 18:13:35 Error: Could not open leaderboard.txt LOCATION: LeaderBoard.load_leaderboard()
Sat, Dec 10, 2022, 22:46:33 Error: Could not open leaderboard.txt LOCATION: LeaderBoard.load_leaderboard()
Sat, Dec 10, 2022, 22:59:37 Error: File "rhrth" does not exit LOCATION: Game.load_new_puzzle()
Sat, Dec 10, 2022, 22:59:48 Error: File "malformed_mario.puz" does not have valid number of puzzle pieces LOCATION: Game.load_new_puzzle()
Fri, Dec 23, 2022, 18:07:54 Error: Could not open leaderboard.txt LOCATION: LeaderBoard.load_leaderboard()
Sun, May 28, 2023, 20:29:28 Error: Could not open leaderboard.txt LOCATION: LeaderBoard.load_leaderboard()
Thu, Jan 18, 2024, 21:48:57 Error: Could not open leaderboard.txt LOCATION: LeaderBoard.load_leaderboard()
